#
# There is insufficient memory for the Java Runtime Environment to continue.
# Native memory allocation (mmap) failed to map 44040192 bytes for Failed to commit area from 0x000000008eb00000 to 0x0000000091500000 of length 44040192.
# Possible reasons:
#   The system is out of physical RAM or swap space
#   The process is running with CompressedOops enabled, and the Java Heap may be blocking the growth of the native heap
# Possible solutions:
#   Reduce memory load on the system
#   Increase physical memory or swap space
#   Check if swap backing store is full
#   Decrease Java heap size (-Xmx/-Xms)
#   Decrease number of Java threads
#   Decrease Java thread stack sizes (-Xss)
#   Set larger code cache with -XX:ReservedCodeCacheSize=
#   JVM is running with Unscaled Compressed Oops mode in which the Java heap is
#     placed in the first 4GB address space. The Java Heap base address is the
#     maximum limit for the native heap growth. Please use -XX:HeapBaseMinAddress
#     to set the Java Heap base and to place the Java Heap above 4GB virtual address.
# This output file may be truncated or incomplete.
#
#  Out of Memory Error (./open/src/hotspot/os/windows/os_windows.cpp:3315), pid=15988, tid=2524
#
# JRE version: OpenJDK Runtime Environment (14.0.2+12) (build 14.0.2+12-46)
# Java VM: OpenJDK 64-Bit Server VM (14.0.2+12-46, mixed mode, tiered, compressed oops, g1 gc, windows-amd64)
# No core dump will be written. Minidumps are not enabled by default on client versions of Windows
#

---------------  S U M M A R Y ------------

Command Line: -Dfile.encoding=UTF-8 -XX:+ShowCodeDetailsInExceptionMessages SpringVueApplication

Host: Intel(R) Core(TM) i5-8265U CPU @ 1.60GHz, 8 cores, 7G,  Windows 10 , 64 bit Build 19041 (10.0.19041.546)
Time: Tue Dec  1 12:26:36 2020 Hora Padrão de Buenos Aires elapsed time: 53 seconds (0d 0h 0m 53s)

---------------  T H R E A D  ---------------

Current thread (0x000001587713e800):  VMThread "VM Thread" [stack: 0x0000001156c00000,0x0000001156d00000] [id=2524]

Stack: [0x0000001156c00000,0x0000001156d00000]
[error occurred during error reporting (printing stack bounds), id 0xc0000005, EXCEPTION_ACCESS_VIOLATION (0xc0000005) at pc=0x000001585ffd10ad]

Native frames: (J=compiled Java code, j=interpreted, Vv=VM code, C=native code)
V  [jvm.dll+0x5f8a9a]
V  [jvm.dll+0x74247a]
V  [jvm.dll+0x743c2f]
V  [jvm.dll+0x7441d5]
V  [jvm.dll+0x74418b]
V  [jvm.dll+0x5f7f6f]
V  [jvm.dll+0x5f8738]
C  [ntdll.dll+0xa10ff]
C  [ntdll.dll+0x4b474]
C  [ntdll.dll+0x9fc2e]
C  0x000001585ffd10ad

VM_Operation (0x00000011579fc770): G1CollectForAllocation, mode: safepoint, requested by thread 0x00000158778b7000


---------------  P R O C E S S  ---------------

Threads class SMR info:
_java_thread_list=0x000001587894fb30, length=15, elements={
0x000001585c394800, 0x0000015877156800, 0x0000015877158000, 0x0000015877162000,
0x0000015877162800, 0x000001587718a800, 0x000001587718d800, 0x0000015877195800,
0x00000158771aa000, 0x0000015877320800, 0x0000015877328000, 0x000001587740f000,
0x00000158778b7000, 0x0000015877d42000, 0x0000015877d3e800
}

Java Threads: ( => current thread )
  0x000001585c394800 JavaThread "main" [_thread_blocked, id=14772, stack(0x0000001156600000,0x0000001156700000)]
  0x0000015877156800 JavaThread "Reference Handler" daemon [_thread_blocked, id=8536, stack(0x0000001156d00000,0x0000001156e00000)]
  0x0000015877158000 JavaThread "Finalizer" daemon [_thread_blocked, id=1676, stack(0x0000001156e00000,0x0000001156f00000)]
  0x0000015877162000 JavaThread "Signal Dispatcher" daemon [_thread_blocked, id=5592, stack(0x0000001156f00000,0x0000001157000000)]
  0x0000015877162800 JavaThread "Attach Listener" daemon [_thread_blocked, id=2912, stack(0x0000001157000000,0x0000001157100000)]
  0x000001587718a800 JavaThread "Service Thread" daemon [_thread_blocked, id=6984, stack(0x0000001157100000,0x0000001157200000)]
  0x000001587718d800 JavaThread "C2 CompilerThread0" daemon [_thread_blocked, id=12936, stack(0x0000001157200000,0x0000001157300000)]
  0x0000015877195800 JavaThread "C1 CompilerThread0" daemon [_thread_blocked, id=3636, stack(0x0000001157300000,0x0000001157400000)]
  0x00000158771aa000 JavaThread "Sweeper thread" daemon [_thread_blocked, id=16472, stack(0x0000001157400000,0x0000001157500000)]
  0x0000015877320800 JavaThread "Notification Thread" daemon [_thread_blocked, id=16304, stack(0x0000001157500000,0x0000001157600000)]
  0x0000015877328000 JavaThread "Common-Cleaner" daemon [_thread_blocked, id=13640, stack(0x0000001157700000,0x0000001157800000)]
  0x000001587740f000 JavaThread "Thread-0" [_thread_blocked, id=3964, stack(0x0000001157800000,0x0000001157900000)]
  0x00000158778b7000 JavaThread "restartedMain" [_thread_blocked, id=14056, stack(0x0000001157900000,0x0000001157a00000)]
  0x0000015877d42000 JavaThread "C2 CompilerThread1" daemon [_thread_blocked, id=16272, stack(0x0000001157c00000,0x0000001157d00000)]
  0x0000015877d3e800 JavaThread "C2 CompilerThread2" daemon [_thread_blocked, id=12836, stack(0x0000001157d00000,0x0000001157e00000)]

Other Threads:
=>0x000001587713e800 VMThread "VM Thread" [stack: 0x0000001156c00000,0x0000001156d00000] [id=2524]
  0x0000015877325000 WatcherThread [stack: 0x0000001157600000,0x0000001157700000] [id=9292]
  0x000001585c3db000 GCTaskThread "GC Thread#0" [stack: 0x0000001156700000,0x0000001156800000] [id=4868]
  0x0000015878358800 GCTaskThread "GC Thread#1" [stack: 0x0000001157a00000,0x0000001157b00000] [id=13788]
  0x0000015878359000 GCTaskThread "GC Thread#2" [stack: 0x0000001157b00000,0x0000001157c00000] [id=16440]
  0x0000015878a28800 GCTaskThread "GC Thread#3" [stack: 0x0000001157e00000,0x0000001157f00000] [id=11448]
  0x0000015878a29800 GCTaskThread "GC Thread#4" [stack: 0x0000001157f00000,0x0000001158000000] [id=3684]
  0x0000015878830000 GCTaskThread "GC Thread#5" [stack: 0x0000001158000000,0x0000001158100000] [id=5432]
  0x0000015878831000 GCTaskThread "GC Thread#6" [stack: 0x0000001158100000,0x0000001158200000] [id=6956]
  0x0000015878976000 GCTaskThread "GC Thread#7" [stack: 0x0000001158200000,0x0000001158300000] [id=9520]
  0x0000015873e30800 ConcurrentGCThread "G1 Main Marker" [stack: 0x0000001156800000,0x0000001156900000] [id=3888]
  0x000001585c3de000 ConcurrentGCThread "G1 Conc#0" [stack: 0x0000001156900000,0x0000001156a00000] [id=4276]
  0x0000015877db6800 ConcurrentGCThread "G1 Conc#1" [stack: 0x0000001158300000,0x0000001158400000] [id=11784]
  0x0000015873ecd000 ConcurrentGCThread "G1 Refine#0" [stack: 0x0000001156a00000,0x0000001156b00000] [id=6500]
  0x0000015873ece000 ConcurrentGCThread "G1 Young RemSet Sampling" [stack: 0x0000001156b00000,0x0000001156c00000] [id=13740]

Threads with active compile tasks:

VM state:at safepoint (normal execution)

VM Mutex/Monitor currently owned by a thread:  ([mutex/lock_event])
[0x000001585c391340] Threads_lock - owner thread: 0x000001587713e800
[0x000001585c390c80] Heap_lock - owner thread: 0x00000158778b7000

Heap address: 0x0000000081c00000, size: 2020 MB, Compressed Oops mode: 32-bit
Narrow klass base: 0x0000000000000000, Narrow klass shift: 3
Compressed class space size: 1073741824 Address: 0x0000000100000000

Heap:
 garbage-first heap   total 254976K, used 40521K [0x0000000081c00000, 0x0000000100000000)
  region size 1024K, 8 young (8192K), 8 survivors (8192K)
 Metaspace       used 25869K, capacity 26543K, committed 26748K, reserved 1073152K
  class space    used 2921K, capacity 3166K, committed 3276K, reserved 1048576K
Heap Regions: E=young(eden), S=young(survivor), O=old, HS=humongous(starts), HC=humongous(continues), CS=collection set, F=free, OA=open archive, CA=closed archive, TAMS=top-at-mark-start (previous, next)
|   0|0x0000000081c00000, 0x0000000081d00000, 0x0000000081d00000|100%|HS|  |TAMS 0x0000000081d00000, 0x0000000081c00000| Complete 
|   1|0x0000000081d00000, 0x0000000081e00000, 0x0000000081e00000|100%| O|  |TAMS 0x0000000081e00000, 0x0000000081d00000| Untracked 
|   2|0x0000000081e00000, 0x0000000081f00000, 0x0000000081f00000|100%| O|  |TAMS 0x0000000081f00000, 0x0000000081e00000| Untracked 
|   3|0x0000000081f00000, 0x0000000082000000, 0x0000000082000000|100%| O|  |TAMS 0x0000000082000000, 0x0000000081f00000| Untracked 
|   4|0x0000000082000000, 0x0000000082100000, 0x0000000082100000|100%| O|  |TAMS 0x0000000082100000, 0x0000000082000000| Untracked 
|   5|0x0000000082100000, 0x0000000082200000, 0x0000000082200000|100%| O|  |TAMS 0x0000000082200000, 0x0000000082100000| Untracked 
|   6|0x0000000082200000, 0x000000008221fc00, 0x0000000082300000| 12%| O|  |TAMS 0x000000008221fc00, 0x0000000082200000| Untracked 
|   7|0x0000000082300000, 0x0000000082400000, 0x0000000082400000|100%| O|  |TAMS 0x0000000082400000, 0x0000000082300000| Untracked 
|   8|0x0000000082400000, 0x0000000082500000, 0x0000000082500000|100%| O|  |TAMS 0x0000000082500000, 0x0000000082400000| Untracked 
|   9|0x0000000082500000, 0x0000000082600000, 0x0000000082600000|100%| O|  |TAMS 0x0000000082600000, 0x0000000082500000| Untracked 
|  10|0x0000000082600000, 0x0000000082700000, 0x0000000082700000|100%| O|  |TAMS 0x0000000082700000, 0x0000000082600000| Untracked 
|  11|0x0000000082700000, 0x0000000082800000, 0x0000000082800000|100%| O|  |TAMS 0x0000000082800000, 0x0000000082700000| Untracked 
|  12|0x0000000082800000, 0x0000000082900000, 0x0000000082900000|100%| O|  |TAMS 0x0000000082900000, 0x0000000082800000| Untracked 
|  13|0x0000000082900000, 0x0000000082a00000, 0x0000000082a00000|100%| O|  |TAMS 0x0000000082a00000, 0x0000000082900000| Untracked 
|  14|0x0000000082a00000, 0x0000000082b00000, 0x0000000082b00000|100%| O|  |TAMS 0x0000000082b00000, 0x0000000082a00000| Untracked 
|  15|0x0000000082b00000, 0x0000000082c00000, 0x0000000082c00000|100%| O|  |TAMS 0x0000000082c00000, 0x0000000082b00000| Untracked 
|  16|0x0000000082c00000, 0x0000000082d00000, 0x0000000082d00000|100%| O|  |TAMS 0x0000000082d00000, 0x0000000082c00000| Untracked 
|  17|0x0000000082d00000, 0x0000000082e00000, 0x0000000082e00000|100%| O|  |TAMS 0x0000000082e00000, 0x0000000082d00000| Untracked 
|  18|0x0000000082e00000, 0x0000000082f00000, 0x0000000082f00000|100%| O|  |TAMS 0x0000000082f00000, 0x0000000082e00000| Untracked 
|  19|0x0000000082f00000, 0x0000000083000000, 0x0000000083000000|100%| O|  |TAMS 0x0000000083000000, 0x0000000082f00000| Untracked 
|  20|0x0000000083000000, 0x0000000083100000, 0x0000000083100000|100%| O|  |TAMS 0x0000000083100000, 0x0000000083000000| Untracked 
|  21|0x0000000083100000, 0x0000000083200000, 0x0000000083200000|100%| O|  |TAMS 0x0000000083200000, 0x0000000083100000| Untracked 
|  22|0x0000000083200000, 0x0000000083300000, 0x0000000083300000|100%| O|  |TAMS 0x0000000083218800, 0x0000000083200000| Untracked 
|  23|0x0000000083300000, 0x0000000083400000, 0x0000000083400000|100%| O|  |TAMS 0x0000000083300000, 0x0000000083300000| Untracked 
|  24|0x0000000083400000, 0x0000000083500000, 0x0000000083500000|100%| O|  |TAMS 0x0000000083400000, 0x0000000083400000| Untracked 
|  25|0x0000000083500000, 0x0000000083600000, 0x0000000083600000|100%| O|  |TAMS 0x0000000083500000, 0x0000000083500000| Untracked 
|  26|0x0000000083600000, 0x0000000083700000, 0x0000000083700000|100%| O|  |TAMS 0x0000000083600000, 0x0000000083600000| Untracked 
|  27|0x0000000083700000, 0x0000000083800000, 0x0000000083800000|100%| O|  |TAMS 0x0000000083700000, 0x0000000083700000| Untracked 
|  28|0x0000000083800000, 0x0000000083900000, 0x0000000083900000|100%| O|  |TAMS 0x0000000083800000, 0x0000000083800000| Untracked 
|  29|0x0000000083900000, 0x0000000083a00000, 0x0000000083a00000|100%| O|  |TAMS 0x0000000083900000, 0x0000000083900000| Untracked 
|  30|0x0000000083a00000, 0x0000000083b00000, 0x0000000083b00000|100%| O|  |TAMS 0x0000000083a00000, 0x0000000083a00000| Untracked 
|  31|0x0000000083b00000, 0x0000000083c00000, 0x0000000083c00000|100%| O|  |TAMS 0x0000000083b00000, 0x0000000083b00000| Untracked 
|  32|0x0000000083c00000, 0x0000000083cc8e00, 0x0000000083d00000| 78%| O|  |TAMS 0x0000000083c00000, 0x0000000083c00000| Untracked 
|  33|0x0000000083d00000, 0x0000000083d00000, 0x0000000083e00000|  0%| F|  |TAMS 0x0000000083d00000, 0x0000000083d00000| Untracked 
|  34|0x0000000083e00000, 0x0000000083e00000, 0x0000000083f00000|  0%| F|  |TAMS 0x0000000083e00000, 0x0000000083e00000| Untracked 
|  35|0x0000000083f00000, 0x0000000083f00000, 0x0000000084000000|  0%| F|  |TAMS 0x0000000083f00000, 0x0000000083f00000| Untracked 
|  36|0x0000000084000000, 0x0000000084000000, 0x0000000084100000|  0%| F|  |TAMS 0x0000000084000000, 0x0000000084000000| Untracked 
|  37|0x0000000084100000, 0x0000000084100000, 0x0000000084200000|  0%| F|  |TAMS 0x0000000084100000, 0x0000000084100000| Untracked 
|  38|0x0000000084200000, 0x0000000084200000, 0x0000000084300000|  0%| F|  |TAMS 0x0000000084200000, 0x0000000084200000| Untracked 
|  39|0x0000000084300000, 0x0000000084300000, 0x0000000084400000|  0%| F|  |TAMS 0x0000000084300000, 0x0000000084300000| Untracked 
|  40|0x0000000084400000, 0x0000000084400000, 0x0000000084500000|  0%| F|  |TAMS 0x0000000084400000, 0x0000000084400000| Untracked 
|  41|0x0000000084500000, 0x0000000084500000, 0x0000000084600000|  0%| F|  |TAMS 0x0000000084500000, 0x0000000084500000| Untracked 
|  42|0x0000000084600000, 0x0000000084600000, 0x0000000084700000|  0%| F|  |TAMS 0x0000000084600000, 0x0000000084600000| Untracked 
|  43|0x0000000084700000, 0x0000000084700000, 0x0000000084800000|  0%| F|  |TAMS 0x0000000084700000, 0x0000000084700000| Untracked 
|  44|0x0000000084800000, 0x0000000084800000, 0x0000000084900000|  0%| F|  |TAMS 0x0000000084800000, 0x0000000084800000| Untracked 
|  45|0x0000000084900000, 0x0000000084900000, 0x0000000084a00000|  0%| F|  |TAMS 0x0000000084900000, 0x0000000084900000| Untracked 
|  46|0x0000000084a00000, 0x0000000084a00000, 0x0000000084b00000|  0%| F|  |TAMS 0x0000000084a00000, 0x0000000084a00000| Untracked 
|  47|0x0000000084b00000, 0x0000000084b00000, 0x0000000084c00000|  0%| F|  |TAMS 0x0000000084b00000, 0x0000000084b00000| Untracked 
|  48|0x0000000084c00000, 0x0000000084c00000, 0x0000000084d00000|  0%| F|  |TAMS 0x0000000084c00000, 0x0000000084c00000| Untracked 
|  49|0x0000000084d00000, 0x0000000084d00000, 0x0000000084e00000|  0%| F|  |TAMS 0x0000000084d00000, 0x0000000084d00000| Untracked 
|  50|0x0000000084e00000, 0x0000000084e00000, 0x0000000084f00000|  0%| F|  |TAMS 0x0000000084e00000, 0x0000000084e00000| Untracked 
|  51|0x0000000084f00000, 0x0000000084f00000, 0x0000000085000000|  0%| F|  |TAMS 0x0000000084f00000, 0x0000000084f00000| Untracked 
|  52|0x0000000085000000, 0x0000000085000000, 0x0000000085100000|  0%| F|  |TAMS 0x0000000085000000, 0x0000000085000000| Untracked 
|  53|0x0000000085100000, 0x0000000085100000, 0x0000000085200000|  0%| F|  |TAMS 0x0000000085100000, 0x0000000085100000| Untracked 
|  54|0x0000000085200000, 0x0000000085200000, 0x0000000085300000|  0%| F|  |TAMS 0x0000000085200000, 0x0000000085200000| Untracked 
|  55|0x0000000085300000, 0x0000000085300000, 0x0000000085400000|  0%| F|  |TAMS 0x0000000085300000, 0x0000000085300000| Untracked 
|  56|0x0000000085400000, 0x0000000085400000, 0x0000000085500000|  0%| F|  |TAMS 0x0000000085400000, 0x0000000085400000| Untracked 
|  57|0x0000000085500000, 0x0000000085500000, 0x0000000085600000|  0%| F|  |TAMS 0x0000000085500000, 0x0000000085500000| Untracked 
|  58|0x0000000085600000, 0x0000000085600000, 0x0000000085700000|  0%| F|  |TAMS 0x0000000085600000, 0x0000000085600000| Untracked 
|  59|0x0000000085700000, 0x0000000085700000, 0x0000000085800000|  0%| F|  |TAMS 0x0000000085700000, 0x0000000085700000| Untracked 
|  60|0x0000000085800000, 0x0000000085800000, 0x0000000085900000|  0%| F|  |TAMS 0x0000000085800000, 0x0000000085800000| Untracked 
|  61|0x0000000085900000, 0x0000000085900000, 0x0000000085a00000|  0%| F|  |TAMS 0x0000000085900000, 0x0000000085900000| Untracked 
|  62|0x0000000085a00000, 0x0000000085a00000, 0x0000000085b00000|  0%| F|  |TAMS 0x0000000085a00000, 0x0000000085a00000| Untracked 
|  63|0x0000000085b00000, 0x0000000085b00000, 0x0000000085c00000|  0%| F|  |TAMS 0x0000000085b00000, 0x0000000085b00000| Untracked 
|  64|0x0000000085c00000, 0x0000000085c00000, 0x0000000085d00000|  0%| F|  |TAMS 0x0000000085c00000, 0x0000000085c00000| Untracked 
|  65|0x0000000085d00000, 0x0000000085d00000, 0x0000000085e00000|  0%| F|  |TAMS 0x0000000085d00000, 0x0000000085d00000| Untracked 
|  66|0x0000000085e00000, 0x0000000085e00000, 0x0000000085f00000|  0%| F|  |TAMS 0x0000000085e00000, 0x0000000085e00000| Untracked 
|  67|0x0000000085f00000, 0x0000000085f00000, 0x0000000086000000|  0%| F|  |TAMS 0x0000000085f00000, 0x0000000085f00000| Untracked 
|  68|0x0000000086000000, 0x0000000086000000, 0x0000000086100000|  0%| F|  |TAMS 0x0000000086000000, 0x0000000086000000| Untracked 
|  69|0x0000000086100000, 0x0000000086100000, 0x0000000086200000|  0%| F|  |TAMS 0x0000000086100000, 0x0000000086100000| Untracked 
|  70|0x0000000086200000, 0x0000000086200000, 0x0000000086300000|  0%| F|  |TAMS 0x0000000086200000, 0x0000000086200000| Untracked 
|  71|0x0000000086300000, 0x0000000086300000, 0x0000000086400000|  0%| F|  |TAMS 0x0000000086300000, 0x0000000086300000| Untracked 
|  72|0x0000000086400000, 0x0000000086400000, 0x0000000086500000|  0%| F|  |TAMS 0x0000000086400000, 0x0000000086400000| Untracked 
|  73|0x0000000086500000, 0x0000000086500000, 0x0000000086600000|  0%| F|  |TAMS 0x0000000086500000, 0x0000000086500000| Untracked 
|  74|0x0000000086600000, 0x0000000086600000, 0x0000000086700000|  0%| F|  |TAMS 0x0000000086600000, 0x0000000086600000| Untracked 
|  75|0x0000000086700000, 0x0000000086700000, 0x0000000086800000|  0%| F|  |TAMS 0x0000000086700000, 0x0000000086700000| Untracked 
|  76|0x0000000086800000, 0x0000000086800000, 0x0000000086900000|  0%| F|  |TAMS 0x0000000086800000, 0x0000000086800000| Untracked 
|  77|0x0000000086900000, 0x0000000086900000, 0x0000000086a00000|  0%| F|  |TAMS 0x0000000086900000, 0x0000000086900000| Untracked 
|  78|0x0000000086a00000, 0x0000000086aa9db0, 0x0000000086b00000| 66%| S|CS|TAMS 0x0000000086a00000, 0x0000000086a00000| Complete 
|  79|0x0000000086b00000, 0x0000000086c00000, 0x0000000086c00000|100%| S|CS|TAMS 0x0000000086b00000, 0x0000000086b00000| Complete 
|  80|0x0000000086c00000, 0x0000000086d00000, 0x0000000086d00000|100%| S|CS|TAMS 0x0000000086c00000, 0x0000000086c00000| Complete 
|  81|0x0000000086d00000, 0x0000000086e00000, 0x0000000086e00000|100%| S|CS|TAMS 0x0000000086d00000, 0x0000000086d00000| Complete 
|  82|0x0000000086e00000, 0x0000000086e00000, 0x0000000086f00000|  0%| F|  |TAMS 0x0000000086e00000, 0x0000000086e00000| Untracked 
|  83|0x0000000086f00000, 0x0000000086f00000, 0x0000000087000000|  0%| F|  |TAMS 0x0000000086f00000, 0x0000000086f00000| Untracked 
|  84|0x0000000087000000, 0x0000000087000000, 0x0000000087100000|  0%| F|  |TAMS 0x0000000087000000, 0x0000000087000000| Untracked 
|  85|0x0000000087100000, 0x0000000087100000, 0x0000000087200000|  0%| F|  |TAMS 0x0000000087100000, 0x0000000087100000| Untracked 
|  86|0x0000000087200000, 0x0000000087200000, 0x0000000087300000|  0%| F|  |TAMS 0x0000000087200000, 0x0000000087200000| Untracked 
|  87|0x0000000087300000, 0x0000000087300000, 0x0000000087400000|  0%| F|  |TAMS 0x0000000087300000, 0x0000000087300000| Untracked 
|  88|0x0000000087400000, 0x0000000087400000, 0x0000000087500000|  0%| F|  |TAMS 0x0000000087400000, 0x0000000087400000| Untracked 
|  89|0x0000000087500000, 0x0000000087500000, 0x0000000087600000|  0%| F|  |TAMS 0x0000000087500000, 0x0000000087500000| Untracked 
|  90|0x0000000087600000, 0x0000000087700000, 0x0000000087700000|100%| S|CS|TAMS 0x0000000087600000, 0x0000000087600000| Complete 
|  91|0x0000000087700000, 0x0000000087700000, 0x0000000087800000|  0%| F|  |TAMS 0x0000000087700000, 0x0000000087700000| Untracked 
|  92|0x0000000087800000, 0x0000000087900000, 0x0000000087900000|100%| S|CS|TAMS 0x0000000087800000, 0x0000000087800000| Complete 
|  93|0x0000000087900000, 0x0000000087a00000, 0x0000000087a00000|100%| S|CS|TAMS 0x0000000087900000, 0x0000000087900000| Complete 
|  94|0x0000000087a00000, 0x0000000087b00000, 0x0000000087b00000|100%| S|CS|TAMS 0x0000000087a00000, 0x0000000087a00000| Complete 
|  95|0x0000000087b00000, 0x0000000087b00000, 0x0000000087c00000|  0%| F|  |TAMS 0x0000000087b00000, 0x0000000087b00000| Untracked 
|  96|0x0000000087c00000, 0x0000000087c00000, 0x0000000087d00000|  0%| F|  |TAMS 0x0000000087c00000, 0x0000000087c00000| Untracked 
|  97|0x0000000087d00000, 0x0000000087d00000, 0x0000000087e00000|  0%| F|  |TAMS 0x0000000087d00000, 0x0000000087d00000| Untracked 
|  98|0x0000000087e00000, 0x0000000087e00000, 0x0000000087f00000|  0%| F|  |TAMS 0x0000000087e00000, 0x0000000087e00000| Untracked 
|  99|0x0000000087f00000, 0x0000000087f00000, 0x0000000088000000|  0%| F|  |TAMS 0x0000000087f00000, 0x0000000087f00000| Untracked 
| 100|0x0000000088000000, 0x0000000088000000, 0x0000000088100000|  0%| F|  |TAMS 0x0000000088000000, 0x0000000088000000| Untracked 
| 101|0x0000000088100000, 0x0000000088100000, 0x0000000088200000|  0%| F|  |TAMS 0x0000000088100000, 0x0000000088100000| Untracked 
| 102|0x0000000088200000, 0x0000000088200000, 0x0000000088300000|  0%| F|  |TAMS 0x0000000088200000, 0x0000000088200000| Untracked 
| 103|0x0000000088300000, 0x0000000088300000, 0x0000000088400000|  0%| F|  |TAMS 0x0000000088300000, 0x0000000088300000| Untracked 
| 104|0x0000000088400000, 0x0000000088400000, 0x0000000088500000|  0%| F|  |TAMS 0x0000000088400000, 0x0000000088400000| Untracked 
| 105|0x0000000088500000, 0x0000000088500000, 0x0000000088600000|  0%| F|  |TAMS 0x0000000088500000, 0x0000000088500000| Untracked 
| 106|0x0000000088600000, 0x0000000088600000, 0x0000000088700000|  0%| F|  |TAMS 0x0000000088600000, 0x0000000088600000| Untracked 
| 107|0x0000000088700000, 0x0000000088700000, 0x0000000088800000|  0%| F|  |TAMS 0x0000000088700000, 0x0000000088700000| Untracked 
| 108|0x0000000088800000, 0x0000000088800000, 0x0000000088900000|  0%| F|  |TAMS 0x0000000088800000, 0x0000000088800000| Untracked 
| 109|0x0000000088900000, 0x0000000088900000, 0x0000000088a00000|  0%| F|  |TAMS 0x0000000088900000, 0x0000000088900000| Untracked 
| 110|0x0000000088a00000, 0x0000000088a00000, 0x0000000088b00000|  0%| F|  |TAMS 0x0000000088a00000, 0x0000000088a00000| Untracked 
| 111|0x0000000088b00000, 0x0000000088b00000, 0x0000000088c00000|  0%| F|  |TAMS 0x0000000088b00000, 0x0000000088b00000| Untracked 
| 112|0x0000000088c00000, 0x0000000088c00000, 0x0000000088d00000|  0%| F|  |TAMS 0x0000000088c00000, 0x0000000088c00000| Untracked 
| 113|0x0000000088d00000, 0x0000000088d00000, 0x0000000088e00000|  0%| F|  |TAMS 0x0000000088d00000, 0x0000000088d00000| Untracked 
| 114|0x0000000088e00000, 0x0000000088e00000, 0x0000000088f00000|  0%| F|  |TAMS 0x0000000088e00000, 0x0000000088e00000| Untracked 
| 115|0x0000000088f00000, 0x0000000088f00000, 0x0000000089000000|  0%| F|  |TAMS 0x0000000088f00000, 0x0000000088f00000| Untracked 
| 116|0x0000000089000000, 0x0000000089000000, 0x0000000089100000|  0%| F|  |TAMS 0x0000000089000000, 0x0000000089000000| Untracked 
| 117|0x0000000089100000, 0x0000000089100000, 0x0000000089200000|  0%| F|  |TAMS 0x0000000089100000, 0x0000000089100000| Untracked 
| 118|0x0000000089200000, 0x0000000089200000, 0x0000000089300000|  0%| F|  |TAMS 0x0000000089200000, 0x0000000089200000| Untracked 
| 119|0x0000000089300000, 0x0000000089300000, 0x0000000089400000|  0%| F|  |TAMS 0x0000000089300000, 0x0000000089300000| Untracked 
| 120|0x0000000089400000, 0x0000000089400000, 0x0000000089500000|  0%| F|  |TAMS 0x0000000089400000, 0x0000000089400000| Untracked 
| 121|0x0000000089500000, 0x0000000089500000, 0x0000000089600000|  0%| F|  |TAMS 0x0000000089500000, 0x0000000089500000| Untracked 
| 122|0x0000000089600000, 0x0000000089600000, 0x0000000089700000|  0%| F|  |TAMS 0x0000000089600000, 0x0000000089600000| Untracked 
| 123|0x0000000089700000, 0x0000000089700000, 0x0000000089800000|  0%| F|  |TAMS 0x0000000089700000, 0x0000000089700000| Untracked 
| 124|0x0000000089800000, 0x0000000089800000, 0x0000000089900000|  0%| F|  |TAMS 0x0000000089800000, 0x0000000089800000| Untracked 
| 125|0x0000000089900000, 0x0000000089900000, 0x0000000089a00000|  0%| F|  |TAMS 0x0000000089900000, 0x0000000089900000| Untracked 
| 126|0x0000000089a00000, 0x0000000089a00000, 0x0000000089b00000|  0%| F|  |TAMS 0x0000000089a00000, 0x0000000089a00000| Untracked 
| 127|0x0000000089b00000, 0x0000000089b00000, 0x0000000089c00000|  0%| F|  |TAMS 0x0000000089b00000, 0x0000000089b00000| Untracked 
| 128|0x0000000089c00000, 0x0000000089c00000, 0x0000000089d00000|  0%| F|  |TAMS 0x0000000089c00000, 0x0000000089c00000| Untracked 
| 129|0x0000000089d00000, 0x0000000089d00000, 0x0000000089e00000|  0%| F|  |TAMS 0x0000000089d00000, 0x0000000089d00000| Untracked 
| 130|0x0000000089e00000, 0x0000000089e00000, 0x0000000089f00000|  0%| F|  |TAMS 0x0000000089e00000, 0x0000000089e00000| Untracked 
| 131|0x0000000089f00000, 0x0000000089f00000, 0x000000008a000000|  0%| F|  |TAMS 0x0000000089f00000, 0x0000000089f00000| Untracked 
| 132|0x000000008a000000, 0x000000008a000000, 0x000000008a100000|  0%| F|  |TAMS 0x000000008a000000, 0x000000008a000000| Untracked 
| 133|0x000000008a100000, 0x000000008a100000, 0x000000008a200000|  0%| F|  |TAMS 0x000000008a100000, 0x000000008a100000| Untracked 
| 134|0x000000008a200000, 0x000000008a200000, 0x000000008a300000|  0%| F|  |TAMS 0x000000008a200000, 0x000000008a200000| Untracked 
| 135|0x000000008a300000, 0x000000008a300000, 0x000000008a400000|  0%| F|  |TAMS 0x000000008a300000, 0x000000008a300000| Untracked 
| 136|0x000000008a400000, 0x000000008a400000, 0x000000008a500000|  0%| F|  |TAMS 0x000000008a400000, 0x000000008a400000| Untracked 
| 137|0x000000008a500000, 0x000000008a500000, 0x000000008a600000|  0%| F|  |TAMS 0x000000008a500000, 0x000000008a500000| Untracked 
| 138|0x000000008a600000, 0x000000008a600000, 0x000000008a700000|  0%| F|  |TAMS 0x000000008a600000, 0x000000008a600000| Untracked 
| 139|0x000000008a700000, 0x000000008a700000, 0x000000008a800000|  0%| F|  |TAMS 0x000000008a700000, 0x000000008a700000| Untracked 
| 140|0x000000008a800000, 0x000000008a800000, 0x000000008a900000|  0%| F|  |TAMS 0x000000008a800000, 0x000000008a800000| Untracked 
| 141|0x000000008a900000, 0x000000008a900000, 0x000000008aa00000|  0%| F|  |TAMS 0x000000008a900000, 0x000000008a900000| Untracked 
| 142|0x000000008aa00000, 0x000000008aa00000, 0x000000008ab00000|  0%| F|  |TAMS 0x000000008aa00000, 0x000000008aa00000| Untracked 
| 143|0x000000008ab00000, 0x000000008ab00000, 0x000000008ac00000|  0%| F|  |TAMS 0x000000008ab00000, 0x000000008ab00000| Untracked 
| 144|0x000000008ac00000, 0x000000008ac00000, 0x000000008ad00000|  0%| F|  |TAMS 0x000000008ac00000, 0x000000008ac00000| Untracked 
| 145|0x000000008ad00000, 0x000000008ad00000, 0x000000008ae00000|  0%| F|  |TAMS 0x000000008ad00000, 0x000000008ad00000| Untracked 
| 146|0x000000008ae00000, 0x000000008ae00000, 0x000000008af00000|  0%| F|  |TAMS 0x000000008ae00000, 0x000000008ae00000| Untracked 
| 147|0x000000008af00000, 0x000000008af00000, 0x000000008b000000|  0%| F|  |TAMS 0x000000008af00000, 0x000000008af00000| Untracked 
| 148|0x000000008b000000, 0x000000008b000000, 0x000000008b100000|  0%| F|  |TAMS 0x000000008b000000, 0x000000008b000000| Untracked 
| 149|0x000000008b100000, 0x000000008b100000, 0x000000008b200000|  0%| F|  |TAMS 0x000000008b100000, 0x000000008b100000| Untracked 
| 150|0x000000008b200000, 0x000000008b200000, 0x000000008b300000|  0%| F|  |TAMS 0x000000008b200000, 0x000000008b200000| Untracked 
| 151|0x000000008b300000, 0x000000008b300000, 0x000000008b400000|  0%| F|  |TAMS 0x000000008b300000, 0x000000008b300000| Untracked 
| 152|0x000000008b400000, 0x000000008b400000, 0x000000008b500000|  0%| F|  |TAMS 0x000000008b400000, 0x000000008b400000| Untracked 
| 153|0x000000008b500000, 0x000000008b500000, 0x000000008b600000|  0%| F|  |TAMS 0x000000008b500000, 0x000000008b500000| Untracked 
| 154|0x000000008b600000, 0x000000008b600000, 0x000000008b700000|  0%| F|  |TAMS 0x000000008b600000, 0x000000008b600000| Untracked 
| 155|0x000000008b700000, 0x000000008b700000, 0x000000008b800000|  0%| F|  |TAMS 0x000000008b700000, 0x000000008b700000| Untracked 
| 156|0x000000008b800000, 0x000000008b800000, 0x000000008b900000|  0%| F|  |TAMS 0x000000008b800000, 0x000000008b800000| Untracked 
| 157|0x000000008b900000, 0x000000008b900000, 0x000000008ba00000|  0%| F|  |TAMS 0x000000008b900000, 0x000000008b900000| Untracked 
| 158|0x000000008ba00000, 0x000000008ba00000, 0x000000008bb00000|  0%| F|  |TAMS 0x000000008ba00000, 0x000000008ba00000| Untracked 
| 159|0x000000008bb00000, 0x000000008bb00000, 0x000000008bc00000|  0%| F|  |TAMS 0x000000008bb00000, 0x000000008bb00000| Untracked 
| 160|0x000000008bc00000, 0x000000008bc00000, 0x000000008bd00000|  0%| F|  |TAMS 0x000000008bc00000, 0x000000008bc00000| Untracked 
| 161|0x000000008bd00000, 0x000000008bd00000, 0x000000008be00000|  0%| F|  |TAMS 0x000000008bd00000, 0x000000008bd00000| Untracked 
| 162|0x000000008be00000, 0x000000008be00000, 0x000000008bf00000|  0%| F|  |TAMS 0x000000008be00000, 0x000000008be00000| Untracked 
| 163|0x000000008bf00000, 0x000000008bf00000, 0x000000008c000000|  0%| F|  |TAMS 0x000000008bf00000, 0x000000008bf00000| Untracked 
| 164|0x000000008c000000, 0x000000008c000000, 0x000000008c100000|  0%| F|  |TAMS 0x000000008c000000, 0x000000008c000000| Untracked 
| 165|0x000000008c100000, 0x000000008c100000, 0x000000008c200000|  0%| F|  |TAMS 0x000000008c100000, 0x000000008c100000| Untracked 
| 166|0x000000008c200000, 0x000000008c200000, 0x000000008c300000|  0%| F|  |TAMS 0x000000008c200000, 0x000000008c200000| Untracked 
| 167|0x000000008c300000, 0x000000008c300000, 0x000000008c400000|  0%| F|  |TAMS 0x000000008c300000, 0x000000008c300000| Untracked 
| 168|0x000000008c400000, 0x000000008c400000, 0x000000008c500000|  0%| F|  |TAMS 0x000000008c400000, 0x000000008c400000| Untracked 
| 169|0x000000008c500000, 0x000000008c500000, 0x000000008c600000|  0%| F|  |TAMS 0x000000008c500000, 0x000000008c500000| Untracked 
| 170|0x000000008c600000, 0x000000008c600000, 0x000000008c700000|  0%| F|  |TAMS 0x000000008c600000, 0x000000008c600000| Untracked 
| 171|0x000000008c700000, 0x000000008c700000, 0x000000008c800000|  0%| F|  |TAMS 0x000000008c700000, 0x000000008c700000| Untracked 
| 172|0x000000008c800000, 0x000000008c800000, 0x000000008c900000|  0%| F|  |TAMS 0x000000008c800000, 0x000000008c800000| Untracked 
| 173|0x000000008c900000, 0x000000008c900000, 0x000000008ca00000|  0%| F|  |TAMS 0x000000008c900000, 0x000000008c900000| Untracked 
| 174|0x000000008ca00000, 0x000000008ca00000, 0x000000008cb00000|  0%| F|  |TAMS 0x000000008ca00000, 0x000000008ca00000| Untracked 
| 175|0x000000008cb00000, 0x000000008cb00000, 0x000000008cc00000|  0%| F|  |TAMS 0x000000008cb00000, 0x000000008cb00000| Untracked 
| 176|0x000000008cc00000, 0x000000008cc00000, 0x000000008cd00000|  0%| F|  |TAMS 0x000000008cc00000, 0x000000008cc00000| Untracked 
| 177|0x000000008cd00000, 0x000000008cd00000, 0x000000008ce00000|  0%| F|  |TAMS 0x000000008cd00000, 0x000000008cd00000| Untracked 
| 178|0x000000008ce00000, 0x000000008ce00000, 0x000000008cf00000|  0%| F|  |TAMS 0x000000008ce00000, 0x000000008ce00000| Untracked 
| 179|0x000000008cf00000, 0x000000008cf00000, 0x000000008d000000|  0%| F|  |TAMS 0x000000008cf00000, 0x000000008cf00000| Untracked 
| 180|0x000000008d000000, 0x000000008d000000, 0x000000008d100000|  0%| F|  |TAMS 0x000000008d000000, 0x000000008d000000| Untracked 
| 181|0x000000008d100000, 0x000000008d100000, 0x000000008d200000|  0%| F|  |TAMS 0x000000008d100000, 0x000000008d100000| Untracked 
| 182|0x000000008d200000, 0x000000008d200000, 0x000000008d300000|  0%| F|  |TAMS 0x000000008d200000, 0x000000008d200000| Untracked 
| 183|0x000000008d300000, 0x000000008d300000, 0x000000008d400000|  0%| F|  |TAMS 0x000000008d300000, 0x000000008d300000| Untracked 
| 184|0x000000008d400000, 0x000000008d400000, 0x000000008d500000|  0%| F|  |TAMS 0x000000008d400000, 0x000000008d400000| Untracked 
| 185|0x000000008d500000, 0x000000008d500000, 0x000000008d600000|  0%| F|  |TAMS 0x000000008d500000, 0x000000008d500000| Untracked 
| 186|0x000000008d600000, 0x000000008d600000, 0x000000008d700000|  0%| F|  |TAMS 0x000000008d600000, 0x000000008d600000| Untracked 
| 187|0x000000008d700000, 0x000000008d700000, 0x000000008d800000|  0%| F|  |TAMS 0x000000008d700000, 0x000000008d700000| Untracked 
| 188|0x000000008d800000, 0x000000008d800000, 0x000000008d900000|  0%| F|  |TAMS 0x000000008d800000, 0x000000008d800000| Untracked 
| 189|0x000000008d900000, 0x000000008d900000, 0x000000008da00000|  0%| F|  |TAMS 0x000000008d900000, 0x000000008d900000| Untracked 
| 190|0x000000008da00000, 0x000000008da00000, 0x000000008db00000|  0%| F|  |TAMS 0x000000008da00000, 0x000000008da00000| Untracked 
| 191|0x000000008db00000, 0x000000008db00000, 0x000000008dc00000|  0%| F|  |TAMS 0x000000008db00000, 0x000000008db00000| Untracked 
| 192|0x000000008dc00000, 0x000000008dc00000, 0x000000008dd00000|  0%| F|  |TAMS 0x000000008dc00000, 0x000000008dc00000| Untracked 
| 193|0x000000008dd00000, 0x000000008dd00000, 0x000000008de00000|  0%| F|  |TAMS 0x000000008dd00000, 0x000000008dd00000| Untracked 
| 194|0x000000008de00000, 0x000000008de00000, 0x000000008df00000|  0%| F|  |TAMS 0x000000008de00000, 0x000000008de00000| Untracked 
| 195|0x000000008df00000, 0x000000008df00000, 0x000000008e000000|  0%| F|  |TAMS 0x000000008df00000, 0x000000008df00000| Untracked 
| 196|0x000000008e000000, 0x000000008e000000, 0x000000008e100000|  0%| F|  |TAMS 0x000000008e000000, 0x000000008e000000| Untracked 
| 197|0x000000008e100000, 0x000000008e100000, 0x000000008e200000|  0%| F|  |TAMS 0x000000008e100000, 0x000000008e100000| Untracked 
| 198|0x000000008e200000, 0x000000008e200000, 0x000000008e300000|  0%| F|  |TAMS 0x000000008e200000, 0x000000008e200000| Untracked 
| 199|0x000000008e300000, 0x000000008e300000, 0x000000008e400000|  0%| F|  |TAMS 0x000000008e300000, 0x000000008e300000| Untracked 
| 200|0x000000008e400000, 0x000000008e400000, 0x000000008e500000|  0%| F|  |TAMS 0x000000008e400000, 0x000000008e400000| Untracked 
| 201|0x000000008e500000, 0x000000008e500000, 0x000000008e600000|  0%| F|  |TAMS 0x000000008e500000, 0x000000008e500000| Untracked 
| 202|0x000000008e600000, 0x000000008e600000, 0x000000008e700000|  0%| F|  |TAMS 0x000000008e600000, 0x000000008e600000| Untracked 
| 203|0x000000008e700000, 0x000000008e700000, 0x000000008e800000|  0%| F|  |TAMS 0x000000008e700000, 0x000000008e700000| Untracked 
| 204|0x000000008e800000, 0x000000008e800000, 0x000000008e900000|  0%| F|  |TAMS 0x000000008e800000, 0x000000008e800000| Untracked 
| 205|0x000000008e900000, 0x000000008e900000, 0x000000008ea00000|  0%| F|  |TAMS 0x000000008e900000, 0x000000008e900000| Untracked 
| 206|0x000000008ea00000, 0x000000008ea00000, 0x000000008eb00000|  0%| F|  |TAMS 0x000000008ea00000, 0x000000008ea00000| Untracked 

Card table byte_map: [0x000001586f700000,0x000001586fb00000] _byte_map_base: 0x000001586f2f2000

Marking Bits (Prev, Next): (CMBitMap*) 0x000001585c3db988, (CMBitMap*) 0x000001585c3db948
 Prev Bits: [0x0000015871e90000, 0x0000015873e20000)
 Next Bits: [0x000001586ff00000, 0x0000015871e90000)

Polling page: 0x000001585bae0000

Metaspace:

Usage:
  Non-class:     22.83 MB capacity,    22.41 MB ( 98%) used,   361.50 KB (  2%) free+waste,    67.94 KB ( <1%) overhead. 
      Class:      3.09 MB capacity,     2.85 MB ( 92%) used,   212.52 KB (  7%) free+waste,    31.69 KB (  1%) overhead. 
       Both:     25.92 MB capacity,    25.26 MB ( 97%) used,   574.02 KB (  2%) free+waste,    99.63 KB ( <1%) overhead. 

Virtual space:
  Non-class space:       24.00 MB reserved,      22.92 MB ( 96%) committed 
      Class space:        1.00 GB reserved,       3.20 MB ( <1%) committed 
             Both:        1.02 GB reserved,      26.12 MB (  2%) committed 

Chunk freelists:
   Non-Class:  31.00 KB
       Class:  2.00 KB
        Both:  33.00 KB

MaxMetaspaceSize: 17179869184.00 GB
CompressedClassSpaceSize: 1.00 GB

CodeHeap 'non-profiled nmethods': size=120000Kb used=2155Kb max_used=2724Kb free=117844Kb
 bounds [0x0000015867aa0000, 0x0000015867d50000, 0x000001586efd0000]
CodeHeap 'profiled nmethods': size=120000Kb used=4130Kb max_used=6126Kb free=115869Kb
 bounds [0x0000015860570000, 0x0000015860b70000, 0x0000015867aa0000]
CodeHeap 'non-nmethods': size=5760Kb used=1185Kb max_used=1248Kb free=4574Kb
 bounds [0x000001585ffd0000, 0x0000015860240000, 0x0000015860570000]
 total_blobs=2812 nmethods=2373 adapters=351
 compilation: enabled
              stopped_count=0, restarted_count=0
 full_count=0

Compilation events (20 events):
Event: 52.894 Thread 0x0000015877d3e800 2942       4       java.util.Collections$SetFromMap::<init> (39 bytes)
Event: 52.897 Thread 0x000001587718d800 nmethod 2941 0x0000015867c80410 code [0x0000015867c805c0, 0x0000015867c80b08]
Event: 52.897 Thread 0x000001587718d800 2944       4       java.util.WeakHashMap::keySet (25 bytes)
Event: 52.897 Thread 0x0000015877d3e800 nmethod 2942 0x0000015867abac90 code [0x0000015867abae60, 0x0000015867abb298]
Event: 52.897 Thread 0x0000015877d3e800 2943       4       sun.nio.fs.WindowsFileSystemProvider::readAttributes (63 bytes)
Event: 52.898 Thread 0x000001587718d800 nmethod 2944 0x0000015867b0d190 code [0x0000015867b0d320, 0x0000015867b0d4f8]
Event: 52.898 Thread 0x000001587718d800 2945       4       java.util.jar.JarFile::<init> (95 bytes)
Event: 52.899 Thread 0x0000015877d3e800 nmethod 2943 0x0000015867b2a110 code [0x0000015867b2a300, 0x0000015867b2a568]
Event: 52.899 Thread 0x0000015877d3e800 2946       4       java.util.zip.ZipFile$CleanableResource::<init> (65 bytes)
Event: 52.912 Thread 0x0000015877d42000 nmethod 2796 0x0000015867c6f190 code [0x0000015867c6fe80, 0x0000015867c76d28]
Event: 52.913 Thread 0x0000015877d42000 2947       4       java.util.jar.Attributes::read (10 bytes)
Event: 52.913 Thread 0x0000015877d42000 nmethod 2947 0x0000015867aaf990 code [0x0000015867aafb20, 0x0000015867aafba8]
Event: 52.923 Thread 0x0000015877d42000 2948       4       jdk.internal.misc.Unsafe::checkPrimitiveArray (22 bytes)
Event: 52.924 Thread 0x0000015877d42000 nmethod 2948 0x0000015867aa4d10 code [0x0000015867aa4ec0, 0x0000015867aa4ff8]
Event: 52.939 Thread 0x0000015877d42000 2949       4       jdk.internal.misc.Unsafe::checkPointer (19 bytes)
Event: 52.939 Thread 0x0000015877d42000 nmethod 2949 0x0000015867b3a010 code [0x0000015867b3a1a0, 0x0000015867b3a258]
Event: 52.973 Thread 0x0000015877d3e800 nmethod 2946 0x0000015867b6c510 code [0x0000015867b6ca00, 0x0000015867b6f6a0]
Event: 52.994 Thread 0x000001587718d800 nmethod 2945 0x0000015867bfb790 code [0x0000015867bfbde0, 0x0000015867bffe40]
Event: 53.003 Thread 0x000001587718d800 2950   !   4       sun.net.www.protocol.jar.JarURLConnection::connect (163 bytes)
Event: 53.020 Thread 0x000001587718d800 nmethod 2950 0x0000015867ab4610 code [0x0000015867ab49c0, 0x0000015867ab5ee0]

GC Heap History (20 events):
Event: 49.637 GC heap after
{Heap after GC invocations=48 (full 0):
 garbage-first heap   total 169984K, used 32093K [0x0000000081c00000, 0x0000000100000000)
  region size 1024K, 4 young (4096K), 4 survivors (4096K)
 Metaspace       used 24045K, capacity 24582K, committed 24828K, reserved 1071104K
  class space    used 2663K, capacity 2863K, committed 2892K, reserved 1048576K
}
Event: 49.844 GC heap before
{Heap before GC invocations=48 (full 0):
 garbage-first heap   total 169984K, used 129373K [0x0000000081c00000, 0x0000000100000000)
  region size 1024K, 99 young (101376K), 4 survivors (4096K)
 Metaspace       used 24045K, capacity 24582K, committed 24828K, reserved 1071104K
  class space    used 2663K, capacity 2863K, committed 2892K, reserved 1048576K
}
Event: 49.859 GC heap after
{Heap after GC invocations=49 (full 0):
 garbage-first heap   total 169984K, used 32309K [0x0000000081c00000, 0x0000000100000000)
  region size 1024K, 4 young (4096K), 4 survivors (4096K)
 Metaspace       used 24045K, capacity 24582K, committed 24828K, reserved 1071104K
  class space    used 2663K, capacity 2863K, committed 2892K, reserved 1048576K
}
Event: 49.942 GC heap before
{Heap before GC invocations=49 (full 0):
 garbage-first heap   total 169984K, used 129589K [0x0000000081c00000, 0x0000000100000000)
  region size 1024K, 99 young (101376K), 4 survivors (4096K)
 Metaspace       used 24061K, capacity 24582K, committed 24828K, reserved 1071104K
  class space    used 2666K, capacity 2863K, committed 2892K, reserved 1048576K
}
Event: 49.944 GC heap after
{Heap after GC invocations=50 (full 0):
 garbage-first heap   total 169984K, used 32229K [0x0000000081c00000, 0x0000000100000000)
  region size 1024K, 4 young (4096K), 4 survivors (4096K)
 Metaspace       used 24061K, capacity 24582K, committed 24828K, reserved 1071104K
  class space    used 2666K, capacity 2863K, committed 2892K, reserved 1048576K
}
Event: 50.015 GC heap before
{Heap before GC invocations=50 (full 0):
 garbage-first heap   total 169984K, used 129509K [0x0000000081c00000, 0x0000000100000000)
  region size 1024K, 99 young (101376K), 4 survivors (4096K)
 Metaspace       used 24067K, capacity 24582K, committed 24828K, reserved 1071104K
  class space    used 2668K, capacity 2863K, committed 2892K, reserved 1048576K
}
Event: 50.017 GC heap after
{Heap after GC invocations=51 (full 0):
 garbage-first heap   total 169984K, used 32302K [0x0000000081c00000, 0x0000000100000000)
  region size 1024K, 4 young (4096K), 4 survivors (4096K)
 Metaspace       used 24067K, capacity 24582K, committed 24828K, reserved 1071104K
  class space    used 2668K, capacity 2863K, committed 2892K, reserved 1048576K
}
Event: 50.352 GC heap before
{Heap before GC invocations=51 (full 0):
 garbage-first heap   total 169984K, used 129582K [0x0000000081c00000, 0x0000000100000000)
  region size 1024K, 99 young (101376K), 4 survivors (4096K)
 Metaspace       used 24184K, capacity 24758K, committed 24956K, reserved 1071104K
  class space    used 2694K, capacity 2898K, committed 3020K, reserved 1048576K
}
Event: 50.355 GC heap after
{Heap after GC invocations=52 (full 0):
 garbage-first heap   total 169984K, used 33871K [0x0000000081c00000, 0x0000000100000000)
  region size 1024K, 5 young (5120K), 5 survivors (5120K)
 Metaspace       used 24184K, capacity 24758K, committed 24956K, reserved 1071104K
  class space    used 2694K, capacity 2898K, committed 3020K, reserved 1048576K
}
Event: 50.903 GC heap before
{Heap before GC invocations=52 (full 0):
 garbage-first heap   total 169984K, used 130127K [0x0000000081c00000, 0x0000000100000000)
  region size 1024K, 99 young (101376K), 5 survivors (5120K)
 Metaspace       used 24589K, capacity 25159K, committed 25468K, reserved 1071104K
  class space    used 2745K, capacity 2966K, committed 3020K, reserved 1048576K
}
Event: 50.909 GC heap after
{Heap after GC invocations=53 (full 0):
 garbage-first heap   total 169984K, used 35759K [0x0000000081c00000, 0x0000000100000000)
  region size 1024K, 7 young (7168K), 7 survivors (7168K)
 Metaspace       used 24589K, capacity 25159K, committed 25468K, reserved 1071104K
  class space    used 2745K, capacity 2966K, committed 3020K, reserved 1048576K
}
Event: 51.217 GC heap before
{Heap before GC invocations=53 (full 0):
 garbage-first heap   total 169984K, used 129967K [0x0000000081c00000, 0x0000000100000000)
  region size 1024K, 99 young (101376K), 7 survivors (7168K)
 Metaspace       used 24592K, capacity 25159K, committed 25468K, reserved 1071104K
  class space    used 2747K, capacity 2966K, committed 3020K, reserved 1048576K
}
Event: 51.222 GC heap after
{Heap after GC invocations=54 (full 0):
 garbage-first heap   total 211968K, used 36125K [0x0000000081c00000, 0x0000000100000000)
  region size 1024K, 7 young (7168K), 7 survivors (7168K)
 Metaspace       used 24592K, capacity 25159K, committed 25468K, reserved 1071104K
  class space    used 2747K, capacity 2966K, committed 3020K, reserved 1048576K
}
Event: 51.599 GC heap before
{Heap before GC invocations=54 (full 0):
 garbage-first heap   total 211968K, used 155933K [0x0000000081c00000, 0x0000000100000000)
  region size 1024K, 124 young (126976K), 7 survivors (7168K)
 Metaspace       used 24592K, capacity 25159K, committed 25468K, reserved 1071104K
  class space    used 2747K, capacity 2966K, committed 3020K, reserved 1048576K
}
Event: 51.604 GC heap after
{Heap after GC invocations=55 (full 0):
 garbage-first heap   total 211968K, used 36486K [0x0000000081c00000, 0x0000000100000000)
  region size 1024K, 8 young (8192K), 8 survivors (8192K)
 Metaspace       used 24592K, capacity 25159K, committed 25468K, reserved 1071104K
  class space    used 2747K, capacity 2966K, committed 3020K, reserved 1048576K
}
Event: 52.024 GC heap before
{Heap before GC invocations=55 (full 0):
 garbage-first heap   total 211968K, used 155270K [0x0000000081c00000, 0x0000000100000000)
  region size 1024K, 124 young (126976K), 8 survivors (8192K)
 Metaspace       used 24601K, capacity 25223K, committed 25468K, reserved 1071104K
  class space    used 2748K, capacity 2966K, committed 3020K, reserved 1048576K
}
Event: 52.029 GC heap after
{Heap after GC invocations=56 (full 0):
 garbage-first heap   total 211968K, used 37646K [0x0000000081c00000, 0x0000000100000000)
  region size 1024K, 9 young (9216K), 9 survivors (9216K)
 Metaspace       used 24601K, capacity 25223K, committed 25468K, reserved 1071104K
  class space    used 2748K, capacity 2966K, committed 3020K, reserved 1048576K
}
Event: 52.846 GC heap before
{Heap before GC invocations=56 (full 0):
 garbage-first heap   total 211968K, used 155406K [0x0000000081c00000, 0x0000000100000000)
  region size 1024K, 124 young (126976K), 9 survivors (9216K)
 Metaspace       used 25867K, capacity 26543K, committed 26748K, reserved 1073152K
  class space    used 2921K, capacity 3166K, committed 3276K, reserved 1048576K
}
Event: 52.853 GC heap after
{Heap after GC invocations=57 (full 0):
 garbage-first heap   total 211968K, used 41097K [0x0000000081c00000, 0x0000000100000000)
  region size 1024K, 12 young (12288K), 12 survivors (12288K)
 Metaspace       used 25867K, capacity 26543K, committed 26748K, reserved 1073152K
  class space    used 2921K, capacity 3166K, committed 3276K, reserved 1048576K
}
Event: 53.054 GC heap before
{Heap before GC invocations=57 (full 0):
 garbage-first heap   total 211968K, used 155785K [0x0000000081c00000, 0x0000000100000000)
  region size 1024K, 124 young (126976K), 12 survivors (12288K)
 Metaspace       used 25869K, capacity 26543K, committed 26748K, reserved 1073152K
  class space    used 2921K, capacity 3166K, committed 3276K, reserved 1048576K
}

Deoptimization events (20 events):
Event: 52.508 Thread 0x00000158778b7000 Uncommon trap: trap_request=0xffffffde fr.pc=0x0000015867b6bc80 relative=0x00000000000009a0
Event: 52.508 Thread 0x00000158778b7000 Uncommon trap: reason=class_check action=maybe_recompile pc=0x0000015867b6bc80 method=java.util.regex.Matcher.match(II)Z @ 121 c2
Event: 52.508 Thread 0x00000158778b7000 DEOPT PACKING pc=0x0000015867b6bc80 sp=0x00000011579fc540
Event: 52.508 Thread 0x00000158778b7000 DEOPT UNPACKING pc=0x000001586001912f sp=0x00000011579fc520 mode 2
Event: 52.627 Thread 0x00000158778b7000 Uncommon trap: trap_request=0xffffff45 fr.pc=0x0000015867c80980 relative=0x0000000000000380
Event: 52.627 Thread 0x00000158778b7000 Uncommon trap: reason=unstable_if action=reinterpret pc=0x0000015867c80980 method=org.springframework.util.ResourceUtils.isFileURL(Ljava/net/URL;)Z @ 11 c2
Event: 52.627 Thread 0x00000158778b7000 DEOPT PACKING pc=0x0000015867c80980 sp=0x00000011579fd8e0
Event: 52.627 Thread 0x00000158778b7000 DEOPT UNPACKING pc=0x000001586001912f sp=0x00000011579fd878 mode 2
Event: 52.627 Thread 0x00000158778b7000 Uncommon trap: trap_request=0xffffff45 fr.pc=0x0000015867bf8de4 relative=0x0000000000000424
Event: 52.627 Thread 0x00000158778b7000 Uncommon trap: reason=unstable_if action=reinterpret pc=0x0000015867bf8de4 method=java.io.WinNTFileSystem.prefixLength(Ljava/lang/String;)I @ 61 c2
Event: 52.627 Thread 0x00000158778b7000 DEOPT PACKING pc=0x0000015867bf8de4 sp=0x00000011579fd840
Event: 52.627 Thread 0x00000158778b7000 DEOPT UNPACKING pc=0x000001586001912f sp=0x00000011579fd780 mode 2
Event: 52.640 Thread 0x00000158778b7000 Uncommon trap: trap_request=0xffffff45 fr.pc=0x0000015867bf6c84 relative=0x0000000000000264
Event: 52.640 Thread 0x00000158778b7000 Uncommon trap: reason=unstable_if action=reinterpret pc=0x0000015867bf6c84 method=java.io.WinNTFileSystem.prefixLength(Ljava/lang/String;)I @ 61 c2
Event: 52.640 Thread 0x00000158778b7000 DEOPT PACKING pc=0x0000015867bf6c84 sp=0x00000011579fd7f0
Event: 52.640 Thread 0x00000158778b7000 DEOPT UNPACKING pc=0x000001586001912f sp=0x00000011579fd780 mode 2
Event: 52.739 Thread 0x00000158778b7000 Uncommon trap: trap_request=0xffffff45 fr.pc=0x0000015867c9edf4 relative=0x00000000000000d4
Event: 52.739 Thread 0x00000158778b7000 Uncommon trap: reason=unstable_if action=reinterpret pc=0x0000015867c9edf4 method=org.springframework.util.ObjectUtils.nullSafeEquals(Ljava/lang/Object;Ljava/lang/Object;)Z @ 12 c2
Event: 52.739 Thread 0x00000158778b7000 DEOPT PACKING pc=0x0000015867c9edf4 sp=0x00000011579fd4d0
Event: 52.739 Thread 0x00000158778b7000 DEOPT UNPACKING pc=0x000001586001912f sp=0x00000011579fd470 mode 2

Classes unloaded (0 events):
No events

Classes redefined (0 events):
No events

Internal exceptions (20 events):
Event: 43.745 Thread 0x00000158778b7000 Exception <a 'java/lang/ClassNotFoundException'{0x000000008338a5f0}: org/springframework/beans/factory/AwareCustomizer> (0x000000008338a5f0) 
thrown [./open/src/hotspot/share/classfile/systemDictionary.cpp, line 226]
Event: 43.746 Thread 0x00000158778b7000 Exception <a 'java/lang/ClassNotFoundException'{0x000000008339b230}: org/springframework/context/EnvironmentAwareCustomizer> (0x000000008339b230) 
thrown [./open/src/hotspot/share/classfile/systemDictionary.cpp, line 226]
Event: 43.746 Thread 0x00000158778b7000 Exception <a 'java/lang/ClassNotFoundException'{0x00000000833ac038}: org/springframework/beans/factory/AwareCustomizer> (0x00000000833ac038) 
thrown [./open/src/hotspot/share/classfile/systemDictionary.cpp, line 226]
Event: 43.765 Thread 0x00000158778b7000 Exception <a 'java/io/FileNotFoundException'{0x0000000082f93488}> (0x0000000082f93488) 
thrown [./open/src/hotspot/share/prims/jni.cpp, line 599]
Event: 43.765 Thread 0x00000158778b7000 Exception <a 'java/io/FileNotFoundException'{0x0000000082f945b8}> (0x0000000082f945b8) 
thrown [./open/src/hotspot/share/prims/jni.cpp, line 599]
Event: 43.766 Thread 0x00000158778b7000 Exception <a 'java/io/FileNotFoundException'{0x0000000082f99b38}> (0x0000000082f99b38) 
thrown [./open/src/hotspot/share/prims/jni.cpp, line 599]
Event: 43.766 Thread 0x00000158778b7000 Exception <a 'java/io/FileNotFoundException'{0x0000000082f9ace0}> (0x0000000082f9ace0) 
thrown [./open/src/hotspot/share/prims/jni.cpp, line 599]
Event: 43.766 Thread 0x0000015877b22800 Exception <a 'java/lang/NoSuchMethodError'{0x0000000082f480c0}: 'long java.lang.invoke.DirectMethodHandle$Holder.invokeStatic(java.lang.Object, java.lang.Object)'> (0x0000000082f480c0) 
thrown [./open/src/hotspot/share/interpreter/linkResolver.cpp, line 766]
Event: 43.767 Thread 0x0000015877b22800 Exception <a 'java/lang/NoSuchMethodError'{0x0000000082f4adc8}: 'long java.lang.invoke.DirectMethodHandle$Holder.invokeStaticInit(java.lang.Object, java.lang.Object)'> (0x0000000082f4adc8) 
thrown [./open/src/hotspot/share/interpreter/linkResolver.cpp, line 766]
Event: 43.768 Thread 0x00000158778b7000 Implicit null exception at 0x0000015867ab5f54 to 0x0000015867ab6554
Event: 43.768 Thread 0x00000158778b7000 Implicit null exception at 0x0000015867ab7ed4 to 0x0000015867ab84a8
Event: 43.768 Thread 0x0000015877b22800 Exception <a 'java/lang/NoSuchMethodError'{0x0000000082f56840}: 'long java.lang.invoke.DirectMethodHandle$Holder.invokeInterface(java.lang.Object, java.lang.Object)'> (0x0000000082f56840) 
thrown [./open/src/hotspot/share/interpreter/linkResolver.cpp, line 766]
Event: 43.768 Thread 0x0000015877b22800 Exception <a 'java/lang/IncompatibleClassChangeError'{0x0000000082f59368}: Found class java.lang.Object, but interface was expected> (0x0000000082f59368) 
thrown [./open/src/hotspot/share/interpreter/linkResolver.cpp, line 832]
Event: 43.779 Thread 0x0000015877b22800 Exception <a 'java/lang/NoSuchMethodError'{0x0000000082d49120}: 'java.lang.Object java.lang.invoke.DirectMethodHandle$Holder.invokeVirtual(java.lang.Object, java.lang.Object, java.lang.Object, java.lang.Object)'> (0x0000000082d49120) 
thrown [./open/src/hotspot/share/interpreter/linkResolver.cpp, line 766]
Event: 50.255 Thread 0x00000158778b7000 Implicit null exception at 0x0000015867c3a9d3 to 0x0000015867c3ab14
Event: 50.715 Thread 0x00000158778b7000 Exception <a 'java/lang/NoSuchMethodError'{0x0000000088d0ad70}: 'void java.lang.invoke.DirectMethodHandle$Holder.invokeVirtual(java.lang.Object, java.lang.Object, java.lang.Object, java.lang.Object)'> (0x0000000088d0ad70) 
thrown [./open/src/hotspot/share/interpreter/linkResolver.cpp, line 766]
Event: 52.150 Thread 0x00000158778b7000 Exception <a 'java/lang/NoSuchMethodError'{0x000000008d0e7ac0}: 'void java.lang.invoke.DirectMethodHandle$Holder.invokeInterface(java.lang.Object, java.lang.Object, java.lang.Object, java.lang.Object)'> (0x000000008d0e7ac0) 
thrown [./open/src/hotspot/share/interpreter/linkResolver.cpp, line 766]
Event: 52.522 Thread 0x00000158778b7000 Exception <a 'java/lang/NoClassDefFoundError'{0x0000000089621fe8}: org/springframework/ui/freemarker/FreeMarkerConfigurationFactory> (0x0000000089621fe8) 
thrown [./open/src/hotspot/share/classfile/systemDictionary.cpp, line 215]
Event: 52.739 Thread 0x00000158778b7000 Implicit null exception at 0x0000015867c9ed4e to 0x0000015867c9ede1
Event: 52.820 Thread 0x00000158778b7000 Exception <a 'java/lang/NoClassDefFoundError'{0x0000000087a34b70}: groovy/text/markup/TemplateConfiguration> (0x0000000087a34b70) 
thrown [./open/src/hotspot/share/classfile/systemDictionary.cpp, line 215]

Events (20 events):
Event: 52.744 Thread 0x00000158771aa000 flushing nmethod 0x0000015860a6d690
Event: 52.744 Thread 0x00000158771aa000 flushing nmethod 0x0000015860a9cd90
Event: 52.744 Thread 0x00000158771aa000 flushing nmethod 0x0000015860ab3690
Event: 52.797 Executing VM operation: ICBufferFull
Event: 52.797 Executing VM operation: ICBufferFull done
Event: 52.835 Executing VM operation: HandshakeOneThread
Event: 52.835 Executing VM operation: HandshakeOneThread done
Event: 52.835 Executing VM operation: HandshakeOneThread
Event: 52.835 Executing VM operation: HandshakeOneThread done
Event: 52.841 Executing VM operation: HandshakeOneThread
Event: 52.841 Executing VM operation: HandshakeOneThread done
Event: 52.841 Executing VM operation: HandshakeOneThread
Event: 52.841 Executing VM operation: HandshakeOneThread done
Event: 52.842 Executing VM operation: HandshakeOneThread
Event: 52.842 Executing VM operation: HandshakeOneThread done
Event: 52.842 Executing VM operation: HandshakeOneThread
Event: 52.842 Executing VM operation: HandshakeOneThread done
Event: 52.846 Executing VM operation: G1CollectForAllocation
Event: 52.853 Executing VM operation: G1CollectForAllocation done
Event: 53.054 Executing VM operation: G1CollectForAllocation


Dynamic libraries:
0x00007ff6f8850000 - 0x00007ff6f885d000 	C:\Users\rutef\.p2\pool\plugins\org.eclipse.justj.openjdk.hotspot.jre.full.win32.x86_64_14.0.2.v20200815-0932\jre\bin\javaw.exe
0x00007fff73a30000 - 0x00007fff73c26000 	C:\WINDOWS\SYSTEM32\ntdll.dll
0x00007fff72ee0000 - 0x00007fff72f9d000 	C:\WINDOWS\System32\KERNEL32.DLL
0x00007fff71410000 - 0x00007fff716d8000 	C:\WINDOWS\System32\KERNELBASE.dll
0x00007fff71990000 - 0x00007fff71a90000 	C:\WINDOWS\System32\ucrtbase.dll
0x00007fff6afa0000 - 0x00007fff6afb8000 	C:\Users\rutef\.p2\pool\plugins\org.eclipse.justj.openjdk.hotspot.jre.full.win32.x86_64_14.0.2.v20200815-0932\jre\bin\jli.dll
0x00007fff730d0000 - 0x00007fff73270000 	C:\WINDOWS\System32\USER32.dll
0x00007fff71840000 - 0x00007fff71862000 	C:\WINDOWS\System32\win32u.dll
0x00007fff72040000 - 0x00007fff7206a000 	C:\WINDOWS\System32\GDI32.dll
0x00007fff71300000 - 0x00007fff71409000 	C:\WINDOWS\System32\gdi32full.dll
0x00007fff718f0000 - 0x00007fff7198d000 	C:\WINDOWS\System32\msvcp_win.dll
0x00007fff661a0000 - 0x00007fff661b5000 	C:\Users\rutef\.p2\pool\plugins\org.eclipse.justj.openjdk.hotspot.jre.full.win32.x86_64_14.0.2.v20200815-0932\jre\bin\VCRUNTIME140.dll
0x00007fff5c9e0000 - 0x00007fff5cc7b000 	C:\WINDOWS\WinSxS\amd64_microsoft.windows.common-controls_6595b64144ccf1df_6.0.19041.488_none_ca04af081b815d21\COMCTL32.dll
0x00007fff71fa0000 - 0x00007fff7203e000 	C:\WINDOWS\System32\msvcrt.dll
0x00007fff73900000 - 0x00007fff73930000 	C:\WINDOWS\System32\IMM32.DLL
0x00007fff56000000 - 0x00007fff560b9000 	C:\Program Files\Malwarebytes\Anti-Malware\mbae64.dll
0x00007fff73060000 - 0x00007fff730cb000 	C:\WINDOWS\System32\WS2_32.dll
0x00007fff732d0000 - 0x00007fff733f4000 	C:\WINDOWS\System32\RPCRT4.dll
0x00007fff73930000 - 0x00007fff73938000 	C:\WINDOWS\System32\PSAPI.DLL
0x00007fff73940000 - 0x00007fff739ec000 	C:\WINDOWS\System32\ADVAPI32.dll
0x00007fff72e40000 - 0x00007fff72edb000 	C:\WINDOWS\System32\sechost.dll
0x00007fff72620000 - 0x00007fff72d61000 	C:\WINDOWS\System32\SHELL32.dll
0x00007fff72190000 - 0x00007fff722ba000 	C:\WINDOWS\System32\ole32.dll
0x00007fff722c0000 - 0x00007fff72615000 	C:\WINDOWS\System32\combase.dll
0x00007fff73270000 - 0x00007fff732c5000 	C:\WINDOWS\System32\SHLWAPI.dll
0x00007fff71220000 - 0x00007fff71280000 	C:\WINDOWS\System32\WINTRUST.dll
0x00007fff71f80000 - 0x00007fff71f9d000 	C:\WINDOWS\System32\imagehlp.dll
0x00007fff716e0000 - 0x00007fff7183d000 	C:\WINDOWS\System32\CRYPT32.dll
0x00007fff5dc60000 - 0x00007fff5e13a000 	C:\WINDOWS\SYSTEM32\WININET.dll
0x00007fff70c90000 - 0x00007fff70ca2000 	C:\WINDOWS\SYSTEM32\MSASN1.dll
0x00007fff6ff90000 - 0x00007fff6ffc3000 	C:\WINDOWS\SYSTEM32\ntmarta.dll
0x00007fff71050000 - 0x00007fff7108c000 	C:\WINDOWS\SYSTEM32\SspiCli.dll
0x00007fff6ef20000 - 0x00007fff6f6b5000 	C:\WINDOWS\SYSTEM32\windows.storage.dll
0x00007fff70aa0000 - 0x00007fff70acc000 	C:\WINDOWS\SYSTEM32\Wldp.dll
0x00007fff73780000 - 0x00007fff7382e000 	C:\WINDOWS\System32\SHCORE.dll
0x00007fff558d0000 - 0x00007fff5596b000 	C:\Users\rutef\.p2\pool\plugins\org.eclipse.justj.openjdk.hotspot.jre.full.win32.x86_64_14.0.2.v20200815-0932\jre\bin\msvcp140.dll
0x00007fff35040000 - 0x00007fff35b5e000 	C:\Users\rutef\.p2\pool\plugins\org.eclipse.justj.openjdk.hotspot.jre.full.win32.x86_64_14.0.2.v20200815-0932\jre\bin\server\jvm.dll
0x00007fff6d070000 - 0x00007fff6d079000 	C:\WINDOWS\SYSTEM32\WSOCK32.dll
0x00007fff675b0000 - 0x00007fff675d7000 	C:\WINDOWS\SYSTEM32\WINMM.dll
0x00007fff653f0000 - 0x00007fff653fa000 	C:\WINDOWS\SYSTEM32\VERSION.dll
0x00007fff6fc80000 - 0x00007fff6fc92000 	C:\WINDOWS\SYSTEM32\kernel.appcore.dll
0x00007fff69da0000 - 0x00007fff69daa000 	C:\Users\rutef\.p2\pool\plugins\org.eclipse.justj.openjdk.hotspot.jre.full.win32.x86_64_14.0.2.v20200815-0932\jre\bin\jimage.dll
0x00007fff6f850000 - 0x00007fff6fa34000 	C:\WINDOWS\SYSTEM32\DBGHELP.DLL
0x00007fff60370000 - 0x00007fff6039c000 	C:\WINDOWS\SYSTEM32\dbgcore.DLL
0x000001585ba60000 - 0x000001585badf000 	C:\WINDOWS\System32\bcryptPrimitives.dll
0x00007fff51b90000 - 0x00007fff51bb5000 	C:\Users\rutef\.p2\pool\plugins\org.eclipse.justj.openjdk.hotspot.jre.full.win32.x86_64_14.0.2.v20200815-0932\jre\bin\java.dll
0x00007fff58590000 - 0x00007fff585a6000 	C:\Users\rutef\.p2\pool\plugins\org.eclipse.justj.openjdk.hotspot.jre.full.win32.x86_64_14.0.2.v20200815-0932\jre\bin\zip.dll
0x00007fff710a0000 - 0x00007fff710c6000 	C:\WINDOWS\SYSTEM32\profapi.dll
0x00007fff57a10000 - 0x00007fff57a29000 	C:\Users\rutef\.p2\pool\plugins\org.eclipse.justj.openjdk.hotspot.jre.full.win32.x86_64_14.0.2.v20200815-0932\jre\bin\net.dll
0x00007fff67d20000 - 0x00007fff67e20000 	C:\WINDOWS\SYSTEM32\WINHTTP.dll
0x00007fff70830000 - 0x00007fff7089a000 	C:\WINDOWS\system32\mswsock.dll
0x00007fff576d0000 - 0x00007fff576e2000 	C:\Users\rutef\.p2\pool\plugins\org.eclipse.justj.openjdk.hotspot.jre.full.win32.x86_64_14.0.2.v20200815-0932\jre\bin\nio.dll
0x00007fff65e50000 - 0x00007fff65e60000 	C:\Users\rutef\.p2\pool\plugins\org.eclipse.justj.openjdk.hotspot.jre.full.win32.x86_64_14.0.2.v20200815-0932\jre\bin\verify.dll
0x00007fff6d090000 - 0x00007fff6d099000 	C:\Users\rutef\.p2\pool\plugins\org.eclipse.justj.openjdk.hotspot.jre.full.win32.x86_64_14.0.2.v20200815-0932\jre\bin\management.dll
0x00007fff6cf40000 - 0x00007fff6cf4b000 	C:\Users\rutef\.p2\pool\plugins\org.eclipse.justj.openjdk.hotspot.jre.full.win32.x86_64_14.0.2.v20200815-0932\jre\bin\management_ext.dll
0x00007fff52fa0000 - 0x00007fff52fb7000 	C:\WINDOWS\system32\napinsp.dll
0x00007fff4f530000 - 0x00007fff4f54b000 	C:\WINDOWS\system32\pnrpnsp.dll
0x00007fff4f370000 - 0x00007fff4f385000 	C:\WINDOWS\system32\wshbth.dll
0x00007fff6db10000 - 0x00007fff6db2d000 	C:\WINDOWS\system32\NLAapi.dll
0x00007fff70540000 - 0x00007fff7057b000 	C:\WINDOWS\SYSTEM32\IPHLPAPI.DLL
0x00007fff70590000 - 0x00007fff7065b000 	C:\WINDOWS\SYSTEM32\DNSAPI.dll
0x00007fff73050000 - 0x00007fff73058000 	C:\WINDOWS\System32\NSI.dll
0x00007fff4e000000 - 0x00007fff4e012000 	C:\WINDOWS\System32\winrnr.dll
0x00007fff675e0000 - 0x00007fff675ea000 	C:\Windows\System32\rasadhlp.dll
0x00007fff67850000 - 0x00007fff678cf000 	C:\WINDOWS\System32\fwpuclnt.dll
0x00007fff712d0000 - 0x00007fff712f7000 	C:\WINDOWS\System32\bcrypt.dll

dbghelp: loaded successfully - version: 4.0.5 - missing functions: none
symbol engine: initialized successfully - sym options: 0x614 - pdb path: .;C:\Users\rutef\.p2\pool\plugins\org.eclipse.justj.openjdk.hotspot.jre.full.win32.x86_64_14.0.2.v20200815-0932\jre\bin;C:\WINDOWS\SYSTEM32;C:\WINDOWS\WinSxS\amd64_microsoft.windows.common-controls_6595b64144ccf1df_6.0.19041.488_none_ca04af081b815d21;C:\Program Files\Malwarebytes\Anti-Malware;C:\Users\rutef\.p2\pool\plugins\org.eclipse.justj.openjdk.hotspot.jre.full.win32.x86_64_14.0.2.v20200815-0932\jre\bin\server

VM Arguments:
jvm_args: -Dfile.encoding=UTF-8 -XX:+ShowCodeDetailsInExceptionMessages 
java_command: SpringVueApplication
java_class_path (initial): C:\Users\rutef\Downloads\spring-vue\target\classes;C:\Users\rutef\.m2\repository\org\springframework\boot\spring-boot-starter-data-jpa\2.4.0\spring-boot-starter-data-jpa-2.4.0.jar;C:\Users\rutef\.m2\repository\org\springframework\boot\spring-boot-starter-aop\2.4.0\spring-boot-starter-aop-2.4.0.jar;C:\Users\rutef\.m2\repository\org\springframework\spring-aop\5.3.1\spring-aop-5.3.1.jar;C:\Users\rutef\.m2\repository\org\aspectj\aspectjweaver\1.9.6\aspectjweaver-1.9.6.jar;C:\Users\rutef\.m2\repository\org\springframework\boot\spring-boot-starter-jdbc\2.4.0\spring-boot-starter-jdbc-2.4.0.jar;C:\Users\rutef\.m2\repository\com\zaxxer\HikariCP\3.4.5\HikariCP-3.4.5.jar;C:\Users\rutef\.m2\repository\org\springframework\spring-jdbc\5.3.1\spring-jdbc-5.3.1.jar;C:\Users\rutef\.m2\repository\jakarta\transaction\jakarta.transaction-api\1.3.3\jakarta.transaction-api-1.3.3.jar;C:\Users\rutef\.m2\repository\jakarta\persistence\jakarta.persistence-api\2.2.3\jakarta.persistence-api-2.2.3.jar;C:\Users\rutef\.m2\repository\org\hibernate\hibernate-core\5.4.23.Final\hibernate-core-5.4.23.Final.jar;C:\Users\rutef\.m2\repository\org\jboss\logging\jboss-logging\3.4.1.Final\jboss-logging-3.4.1.Final.jar;C:\Users\rutef\.m2\repository\org\javassist\javassist\3.24.0-GA\javassist-3.24.0-GA.jar;C:\Users\rutef\.m2\repository\net\bytebuddy\byte-buddy\1.10.18\byte-buddy-1.10.18.jar;C:\Users\rutef\.m2\repository\antlr\antlr\2.7.7\antlr-2.7.7.jar;C:\Users\rutef\.m2\repository\org\jboss\jandex\2.1.3.Final\jandex-2.1.3.Final.jar;C:\Users\rutef\.m2\repository\com\fasterxml\classmate\1.5.1\classmate-1.5.1.jar;C:\Users\rutef\.m2\repository\org\dom4j\dom4j\2.1.3\dom4j-2.1.3.jar;C:\Users\rutef\.m2\repository\org\hibernate\common\hibernate-commons-annotations\5.1.2.Final\hibernate-commons-annotations-5.1.2.Final.jar;C:\Users\rutef\.m2\repository\org\glassfish\jaxb\jaxb-runtime\2.3.3\jaxb-runtime-2.3.3.jar;C:\Users\rutef\.m2\repository\org\glassfish\jaxb\txw2\2.3.3\txw2-2.3.3.jar;C:\
Launcher Type: SUN_STANDARD

[Global flags]
     intx CICompilerCount                          = 4                                         {product} {ergonomic}
     uint ConcGCThreads                            = 2                                         {product} {ergonomic}
     uint G1ConcRefinementThreads                  = 8                                         {product} {ergonomic}
   size_t G1HeapRegionSize                         = 1048576                                   {product} {ergonomic}
    uintx GCDrainStackTargetSize                   = 64                                        {product} {ergonomic}
   size_t InitialHeapSize                          = 134217728                                 {product} {ergonomic}
   size_t MarkStackSize                            = 4194304                                   {product} {ergonomic}
   size_t MaxHeapSize                              = 2118123520                                {product} {ergonomic}
   size_t MaxNewSize                               = 1270874112                                {product} {ergonomic}
   size_t MinHeapDeltaBytes                        = 1048576                                   {product} {ergonomic}
   size_t MinHeapSize                              = 8388608                                   {product} {ergonomic}
    uintx NonNMethodCodeHeapSize                   = 5839372                                {pd product} {ergonomic}
    uintx NonProfiledCodeHeapSize                  = 122909434                              {pd product} {ergonomic}
    uintx ProfiledCodeHeapSize                     = 122909434                              {pd product} {ergonomic}
    uintx ReservedCodeCacheSize                    = 251658240                              {pd product} {ergonomic}
     bool SegmentedCodeCache                       = true                                      {product} {ergonomic}
     bool ShowCodeDetailsInExceptionMessages       = true                                   {manageable} {command line}
   size_t SoftMaxHeapSize                          = 2118123520                             {manageable} {ergonomic}
     bool UseCompressedClassPointers               = true                                 {lp64_product} {ergonomic}
     bool UseCompressedOops                        = true                                 {lp64_product} {ergonomic}
     bool UseG1GC                                  = true                                      {product} {ergonomic}
     bool UseLargePagesIndividualAllocation        = false                                  {pd product} {ergonomic}

Logging:
Log output configuration:
 #0: stdout all=warning uptime,level,tags
 #1: stderr all=off uptime,level,tags

Environment Variables:
PATH=C:/Users/rutef/.p2/pool/plugins/org.eclipse.justj.openjdk.hotspot.jre.full.win32.x86_64_14.0.2.v20200815-0932/jre/bin/server;C:/Users/rutef/.p2/pool/plugins/org.eclipse.justj.openjdk.hotspot.jre.full.win32.x86_64_14.0.2.v20200815-0932/jre/bin;C:\Program Files (x86)\Common Files\Oracle\Java\javapath;C:\WINDOWS\system32;C:\WINDOWS;C:\WINDOWS\System32\Wbem;C:\WINDOWS\System32\WindowsPowerShell\v1.0\;C:\WINDOWS\System32\OpenSSH\;C:\Program Files\Git\cmd;C:\HashiCorp\Vagrant\bin;C:\Users\rutef\AppData\Local\Microsoft\WindowsApps;;C:\Users\rutef\AppData\Local\Programs\Microsoft VS Code\bin;C:\Users\rutef\OneDrive\Área de Trabalho;
USERNAME=rutef
OS=Windows_NT
PROCESSOR_IDENTIFIER=Intel64 Family 6 Model 142 Stepping 12, GenuineIntel



---------------  S Y S T E M  ---------------

OS: Windows 10 , 64 bit Build 19041 (10.0.19041.546)
OS uptime: 7 days 0:43 hours
HyperV virtualization detected

CPU:total 8 (initial active 8) (4 cores per cpu, 2 threads per core) family 6 model 142 stepping 12, cmov, cx8, fxsr, mmx, sse, sse2, sse3, ssse3, sse4.1, sse4.2, popcnt, avx, avx2, aes, clmul, erms, 3dnowpref, lzcnt, ht, tsc, tscinvbit, bmi1, bmi2, adx, fma

Memory: 4k page, system-wide physical 8072M (600M free)
TotalPageFile size 8072M (AvailPageFile size 34M)
current process WorkingSet (physical memory assigned to process): 402M, peak: 408M
current process commit charge ("private bytes"): 467M, peak: 509M

vm_info: OpenJDK 64-Bit Server VM (14.0.2+12-46) for windows-amd64 JRE (14.0.2+12-46), built on Jul  9 2020 00:31:16 by "mach5one" with MS VC++ 15.9 (VS2017)

END.
